<?xml version="1.0" encoding="UTF-8"?>
<!-- Generated by org.testng.reporters.JUnitReportReporter -->
<testsuite skipped="1" hostname="PratikP" name="com.jbk.test.LoginTest" tests="2" failures="0" timestamp="10 Dec 2023 04:10:32 GMT" time="8.071" errors="1">
  <testcase name="openBrowser" time="8.071" classname="com.jbk.test.LoginTest">
    <error type="org.openqa.selenium.SessionNotCreatedException" message="session not created: This version of ChromeDriver only supports Chrome version 117
Current browser version is 120.0.6099.71 with binary path C:\Program Files\Google\Chrome\Application\chrome.exe
Build info: version: &#039;3.9.0&#039;, revision: &#039;698b3178f0&#039;, time: &#039;2018-02-05T14:26:55.441Z&#039;
System info: host: &#039;PRATIKP&#039;, ip: &#039;192.168.0.162&#039;, os.name: &#039;Windows 10&#039;, os.arch: &#039;amd64&#039;, os.version: &#039;10.0&#039;, java.version: &#039;1.8.0_144&#039;
Driver info: driver.version: ChromeDriver
remote stacktrace: 	GetHandleVerifier [0x00007FF6B1F07892+54818]
	(No symbol) [0x00007FF6B1E76AC2]
	(No symbol) [0x00007FF6B1D2DA3B]
	(No symbol) [0x00007FF6B1D60972]
	(No symbol) [0x00007FF6B1D5FDCE]
	(No symbol) [0x00007FF6B1D5AA4B]
	(No symbol) [0x00007FF6B1D5802E]
	(No symbol) [0x00007FF6B1D967FB]
	(No symbol) [0x00007FF6B1D8E883]
	(No symbol) [0x00007FF6B1D63691]
	(No symbol) [0x00007FF6B1D648D4]
	GetHandleVerifier [0x00007FF6B226B992+3610402]
	GetHandleVerifier [0x00007FF6B22C1860+3962352]
	GetHandleVerifier [0x00007FF6B22B9D4F+3930847]
	GetHandleVerifier [0x00007FF6B1FA3646+693206]
	(No symbol) [0x00007FF6B1E81628]
	(No symbol) [0x00007FF6B1E7D934]
	(No symbol) [0x00007FF6B1E7DA62]
	(No symbol) [0x00007FF6B1E6E113]
	BaseThreadInitThunk [0x00007FFA172A257D+29]
	RtlUserThreadStart [0x00007FFA179EAA58+40]
">
      <![CDATA[org.openqa.selenium.SessionNotCreatedException: session not created: This version of ChromeDriver only supports Chrome version 117Current browser version is 120.0.6099.71 with binary path C:\Program Files\Google\Chrome\Application\chrome.exeBuild info: version: '3.9.0', revision: '698b3178f0', time: '2018-02-05T14:26:55.441Z'System info: host: 'PRATIKP', ip: '192.168.0.162', os.name: 'Windows 10', os.arch: 'amd64', os.version: '10.0', java.version: '1.8.0_144'Driver info: driver.version: ChromeDriverremote stacktrace: GetHandleVerifier [0x00007FF6B1F07892+54818](No symbol) [0x00007FF6B1E76AC2](No symbol) [0x00007FF6B1D2DA3B](No symbol) [0x00007FF6B1D60972](No symbol) [0x00007FF6B1D5FDCE](No symbol) [0x00007FF6B1D5AA4B](No symbol) [0x00007FF6B1D5802E](No symbol) [0x00007FF6B1D967FB](No symbol) [0x00007FF6B1D8E883](No symbol) [0x00007FF6B1D63691](No symbol) [0x00007FF6B1D648D4]GetHandleVerifier [0x00007FF6B226B992+3610402]GetHandleVerifier [0x00007FF6B22C1860+3962352]GetHandleVerifier [0x00007FF6B22B9D4F+3930847]GetHandleVerifier [0x00007FF6B1FA3646+693206](No symbol) [0x00007FF6B1E81628](No symbol) [0x00007FF6B1E7D934](No symbol) [0x00007FF6B1E7DA62](No symbol) [0x00007FF6B1E6E113]BaseThreadInitThunk [0x00007FFA172A257D+29]RtlUserThreadStart [0x00007FFA179EAA58+40]at sun.reflect.NativeConstructorAccessorImpl.newInstance0(Native Method)at sun.reflect.NativeConstructorAccessorImpl.newInstance(Unknown Source)at sun.reflect.DelegatingConstructorAccessorImpl.newInstance(Unknown Source)at java.lang.reflect.Constructor.newInstance(Unknown Source)at org.openqa.selenium.remote.W3CHandshakeResponse.lambda$new$0(W3CHandshakeResponse.java:57)at org.openqa.selenium.remote.W3CHandshakeResponse.lambda$getResponseFunction$2(W3CHandshakeResponse.java:104)at org.openqa.selenium.remote.ProtocolHandshake.lambda$createSession$0(ProtocolHandshake.java:123)at java.util.stream.ReferencePipeline$3$1.accept(Unknown Source)at java.util.Spliterators$ArraySpliterator.tryAdvance(Unknown Source)at java.util.stream.ReferencePipeline.forEachWithCancel(Unknown Source)at java.util.stream.AbstractPipeline.copyIntoWithCancel(Unknown Source)at java.util.stream.AbstractPipeline.copyInto(Unknown Source)at java.util.stream.AbstractPipeline.wrapAndCopyInto(Unknown Source)at java.util.stream.FindOps$FindOp.evaluateSequential(Unknown Source)at java.util.stream.AbstractPipeline.evaluate(Unknown Source)at java.util.stream.ReferencePipeline.findFirst(Unknown Source)at org.openqa.selenium.remote.ProtocolHandshake.createSession(ProtocolHandshake.java:126)at org.openqa.selenium.remote.ProtocolHandshake.createSession(ProtocolHandshake.java:73)at org.openqa.selenium.remote.HttpCommandExecutor.execute(HttpCommandExecutor.java:138)at org.openqa.selenium.remote.service.DriverCommandExecutor.execute(DriverCommandExecutor.java:83)at org.openqa.selenium.remote.RemoteWebDriver.execute(RemoteWebDriver.java:601)at org.openqa.selenium.remote.RemoteWebDriver.startSession(RemoteWebDriver.java:219)at org.openqa.selenium.remote.RemoteWebDriver.<init>(RemoteWebDriver.java:142)at org.openqa.selenium.chrome.ChromeDriver.<init>(ChromeDriver.java:181)at org.openqa.selenium.chrome.ChromeDriver.<init>(ChromeDriver.java:168)at org.openqa.selenium.chrome.ChromeDriver.<init>(ChromeDriver.java:123)at com.tka.configtest.TestBase.initialization(TestBase.java:53)at com.jbk.test.LoginTest.openBrowser(LoginTest.java:26)at sun.reflect.NativeMethodAccessorImpl.invoke0(Native Method)at sun.reflect.NativeMethodAccessorImpl.invoke(Unknown Source)at sun.reflect.DelegatingMethodAccessorImpl.invoke(Unknown Source)at java.lang.reflect.Method.invoke(Unknown Source)at org.testng.internal.MethodInvocationHelper.invokeMethod(MethodInvocationHelper.java:124)at org.testng.internal.MethodInvocationHelper.invokeMethodConsideringTimeout(MethodInvocationHelper.java:59)at org.testng.internal.Invoker.invokeConfigurationMethod(Invoker.java:451)at org.testng.internal.Invoker.invokeConfigurations(Invoker.java:222)at org.testng.internal.Invoker.invokeMethod(Invoker.java:516)at org.testng.internal.Invoker.invokeTestMethod(Invoker.java:707)at org.testng.internal.Invoker.invokeTestMethods(Invoker.java:979)at org.testng.internal.TestMethodWorker.invokeTestMethods(TestMethodWorker.java:125)at org.testng.internal.TestMethodWorker.run(TestMethodWorker.java:109)at org.testng.TestRunner.privateRun(TestRunner.java:648)at org.testng.TestRunner.run(TestRunner.java:505)at org.testng.SuiteRunner.runTest(SuiteRunner.java:455)at org.testng.SuiteRunner.runSequentially(SuiteRunner.java:450)at org.testng.SuiteRunner.privateRun(SuiteRunner.java:415)at org.testng.SuiteRunner.run(SuiteRunner.java:364)at org.testng.SuiteRunnerWorker.runSuite(SuiteRunnerWorker.java:52)at org.testng.SuiteRunnerWorker.run(SuiteRunnerWorker.java:84)at org.testng.TestNG.runSuitesSequentially(TestNG.java:1187)at org.testng.TestNG.runSuitesLocally(TestNG.java:1116)at org.testng.TestNG.runSuites(TestNG.java:1028)at org.testng.TestNG.run(TestNG.java:996)at org.testng.remote.AbstractRemoteTestNG.run(AbstractRemoteTestNG.java:114)at org.testng.remote.RemoteTestNG.initAndRun(RemoteTestNG.java:251)at org.testng.remote.RemoteTestNG.main(RemoteTestNG.java:77)]]>
    </error>
  </testcase> <!-- openBrowser -->
  <testcase name="verifyDashboardTitle" time="0.000" classname="com.jbk.test.LoginTest">
    <skipped/>
  </testcase> <!-- verifyDashboardTitle -->
</testsuite> <!-- com.jbk.test.LoginTest -->
